<?xml version="1.0" encoding="utf-8"?><testsuites><testsuite name="pytest" errors="0" failures="0" skipped="0" tests="5" time="21.102" timestamp="2024-08-08T07:24:17.078437+00:00" hostname="varuns-MacBook-Pro.local"><testcase classname="contacts.tests.ContactModelTest" name="test_contact_creation" time="0.690" /><testcase classname="contacts.tests.ContactModelTest" name="test_email_uniqueness" time="0.004" /><testcase classname="contacts.tests.ContactModelTest" name="test_max_length_constraints" time="0.002" /><testcase classname="contacts.tests.ContactModelTest" name="test_optional_fields" time="0.003" /><testcase classname="functional_tests.test_login.LoginTest" name="test_login" time="20.049" /></testsuite></testsuites>